<?xml version="1.0" encoding="UTF-8"?>
<!-- Generated by org.testng.reporters.JUnitXMLReporter -->
<testsuite hostname="DESKTOP-6QMGU85" ignored="0" name="Test" tests="4" failures="0" timestamp="2022-09-14T21:11:03 IST" time="20.314" errors="0">
  <testcase name="addEmployee" time="12.759" classname="com.ohrm.testcases.TC_AddEmployeepimTest"/>
  <testcase name="LoginPageTest" time="4.733" classname="com.ohrm.testcases.TC_LoginPageTest"/>
  <testcase name="verifyPageTitleTest" time="2.759" classname="com.ohrm.testcases.TC_LoginPageTest"/>
  <testcase name="verifyPageUrlTest" time="0.01" classname="com.ohrm.testcases.TC_LoginPageTest"/>
</testsuite> <!-- Test -->
